<?xml version="1.0" encoding="UTF-8"?>
<!-- Generated by org.testng.reporters.JUnitReportReporter -->
<testsuite skipped="0" hostname="ip-172-31-68-124" name="test.ProdcutSelection" tests="1" failures="0" timestamp="2021-06-27T07:47:55 UTC" time="2.877" errors="0">
  <testcase name="testcase1" time="2.877" classname="test.ProdcutSelection"/>
  <system-out/>
</testsuite> <!-- test.ProdcutSelection -->
